Using pre-set license
Built from '2020.3/release' branch; Version is '2020.3.2f1 (8fd9074bf66c) revision 9427207'; Using compiler version '192528614'; Build Type 'Release'
OS: 'Windows 10 Home; OS build 19042.1052; Version 2009; 64bit' Language: 'en' Physical Memory: 15731 MB
BatchMode: 1, IsHumanControllingUs: 0, StartBugReporterOnCrash: 0, Is64bit: 1, IsPro: 0

 COMMAND LINE ARGUMENTS:
C:\Program Files\Unity\Hub\Editor\2020.3.2f1\Editor\Unity.exe
-adb2
-batchMode
-noUpm
-name
AssetImportWorker0
-projectPath
D:/Unity Projects/3rd-Person-Survival-Shooter-Pro
-logFile
Logs/AssetImportWorker0.log
-srvPort
56532
Successfully changed project path to: D:/Unity Projects/3rd-Person-Survival-Shooter-Pro
D:/Unity Projects/3rd-Person-Survival-Shooter-Pro
Using Asset Import Pipeline V2.
Refreshing native plugins compatible for Editor in 24.68 ms, found 2 plugins.
Preloading 0 native plugins for Editor in 0.00 ms.
Initialize engine version: 2020.3.2f1 (8fd9074bf66c)
[Subsystems] Discovering subsystems at path C:/Program Files/Unity/Hub/Editor/2020.3.2f1/Editor/Data/Resources/UnitySubsystems
[Subsystems] Discovering subsystems at path D:/Unity Projects/3rd-Person-Survival-Shooter-Pro/Assets
GfxDevice: creating device client; threaded=0
Direct3D:
    Version:  Direct3D 11.0 [level 11.1]
    Renderer: NVIDIA GeForce GTX 1660 Ti (ID=0x2191)
    Vendor:   
    VRAM:     5991 MB
    Driver:   27.21.14.6230
Initialize mono
Mono path[0] = 'C:/Program Files/Unity/Hub/Editor/2020.3.2f1/Editor/Data/Managed'
Mono path[1] = 'C:/Program Files/Unity/Hub/Editor/2020.3.2f1/Editor/Data/MonoBleedingEdge/lib/mono/unityjit'
Mono config path = 'C:/Program Files/Unity/Hub/Editor/2020.3.2f1/Editor/Data/MonoBleedingEdge/etc'
Using monoOptions --debugger-agent=transport=dt_socket,embedding=1,server=y,suspend=n,address=127.0.0.1:56928
Begin MonoManager ReloadAssembly
Registering precompiled unity dll's ...
Register platform support module: C:/Program Files/Unity/Hub/Editor/2020.3.2f1/Editor/Data/PlaybackEngines/WebGLSupport/UnityEditor.WebGL.Extensions.dll
Register platform support module: C:/Program Files/Unity/Hub/Editor/2020.3.2f1/Editor/Data/PlaybackEngines/WindowsStandaloneSupport/UnityEditor.WindowsStandalone.Extensions.dll
Registered in 0.002004 seconds.
Native extension for WindowsStandalone target not found
Native extension for WebGL target not found
Refreshing native plugins compatible for Editor in 23.67 ms, found 2 plugins.
Preloading 0 native plugins for Editor in 0.00 ms.
Invoked RoslynAnalysisRunner static constructor.
RoslynAnalysisRunner will not be running.
RoslynAnalysisRunner has terminated.
Mono: successfully reloaded assembly
- Completed reload, in  0.995 seconds
Platform modules already initialized, skipping
Registering precompiled user dll's ...
Registered in 0.005333 seconds.
Begin MonoManager ReloadAssembly
Native extension for WindowsStandalone target not found
Native extension for WebGL target not found
Refreshing native plugins compatible for Editor in 0.37 ms, found 2 plugins.
Preloading 0 native plugins for Editor in 0.00 ms.
Invoked RoslynAnalysisRunner static constructor.
RoslynAnalysisRunner will not be running.
RoslynAnalysisRunner has terminated.
Mono: successfully reloaded assembly
- Completed reload, in  0.825 seconds
Platform modules already initialized, skipping
========================================================================
Worker process is ready to serve import requests
Launched and connected shader compiler UnityShaderCompiler.exe after 0.06 seconds
Refreshing native plugins compatible for Editor in 0.42 ms, found 2 plugins.
Preloading 0 native plugins for Editor in 0.00 ms.
Unloading 1140 Unused Serialized files (Serialized files now loaded: 0)
System memory in use before: 58.0 MB.
System memory in use after: 58.0 MB.

Unloading 29 unused Assets to reduce memory usage. Loaded Objects now: 1607.
Total: 1.901200 ms (FindLiveObjects: 0.191500 ms CreateObjectMapping: 0.039700 ms MarkObjects: 1.580600 ms  DeleteObjects: 0.087500 ms)

========================================================================
Received Import Request.
  path: Assets/Prefabs/Enemy.prefab
  artifactKey: Guid(f6f9d1fc2a769414bbbf59ba8174d425) Importer(815301076,1909f56bfc062723c751e8b465ee728b)
Start importing Assets/Prefabs/Enemy.prefab using Guid(f6f9d1fc2a769414bbbf59ba8174d425) Importer(815301076,1909f56bfc062723c751e8b465ee728b)  -> (artifact id: '0a5db42f3538913e48e46a8d87e7898e') in 0.897876 seconds
  Import took 0.900035 seconds .

========================================================================
Received Import Request.
  Time since last request: 23.511737 seconds.
  path: Assets/Materials/Enemy_mat.mat
  artifactKey: Guid(ebae987419bea2741a8f6442ac132f30) Importer(815301076,1909f56bfc062723c751e8b465ee728b)
Start importing Assets/Materials/Enemy_mat.mat using Guid(ebae987419bea2741a8f6442ac132f30) Importer(815301076,1909f56bfc062723c751e8b465ee728b)  -> (artifact id: '7bfd3f7deefec0389f7a08bf41174493') in 0.088223 seconds
  Import took 0.090273 seconds .

========================================================================
Received Import Request.
  Time since last request: 272.612619 seconds.
  path: Packages/com.unity.ugui/README.md
  artifactKey: Guid(e0ae6629cc70b514889df37fccb76832) Importer(815301076,1909f56bfc062723c751e8b465ee728b)
Start importing Packages/com.unity.ugui/README.md using Guid(e0ae6629cc70b514889df37fccb76832) Importer(815301076,1909f56bfc062723c751e8b465ee728b)  -> (artifact id: 'c7254095bc11dca6b3b73818aa4a004f') in 0.012320 seconds
  Import took 0.014818 seconds .

========================================================================
Received Import Request.
  Time since last request: 283.129394 seconds.
  path: Assets/Scripts/Health.cs
  artifactKey: Guid(735c397dfc7d55c47a456d412e2aa794) Importer(815301076,1909f56bfc062723c751e8b465ee728b)
Start importing Assets/Scripts/Health.cs using Guid(735c397dfc7d55c47a456d412e2aa794) Importer(815301076,1909f56bfc062723c751e8b465ee728b)  -> (artifact id: '99c1e7c1492d16476361974a0ede03e1') in 0.326909 seconds
  Import took 0.329057 seconds .

========================================================================
Received Import Request.
  Time since last request: 140.359523 seconds.
  path: Assets/Scripts/Player/Player.cs
  artifactKey: Guid(fa205c861bfe8ad428fd462999bcffd9) Importer(815301076,1909f56bfc062723c751e8b465ee728b)
Start importing Assets/Scripts/Player/Player.cs using Guid(fa205c861bfe8ad428fd462999bcffd9) Importer(815301076,1909f56bfc062723c751e8b465ee728b)  -> (artifact id: 'ac5c0c034719da6825275b577f68b7e2') in 0.295787 seconds
  Import took 0.297739 seconds .

========================================================================
Received Import Request.
  Time since last request: 182.062105 seconds.
  path: Assets/Scripts/Player/Shoot.cs
  artifactKey: Guid(0c0bb7180beeebd4cb7bfabce0fcf4be) Importer(815301076,1909f56bfc062723c751e8b465ee728b)
Start importing Assets/Scripts/Player/Shoot.cs using Guid(0c0bb7180beeebd4cb7bfabce0fcf4be) Importer(815301076,1909f56bfc062723c751e8b465ee728b)  -> (artifact id: '2653729620c6b95a8872027341e6bd8d') in 0.009743 seconds
  Import took 0.012123 seconds .

========================================================================
Received Import Request.
  Time since last request: 117.923689 seconds.
  path: Assets/Scripts/Enemy/EnemyAI.cs
  artifactKey: Guid(da7795e4a60cf1a4da4c396f9e42bcf9) Importer(815301076,1909f56bfc062723c751e8b465ee728b)
Start importing Assets/Scripts/Enemy/EnemyAI.cs using Guid(da7795e4a60cf1a4da4c396f9e42bcf9) Importer(815301076,1909f56bfc062723c751e8b465ee728b)  -> (artifact id: '3eaa3ccb119a26faa16901c4986969d8') in 0.011696 seconds
  Import took 0.014466 seconds .

AssetImportWorkerClient::OnTransportError - code=2 error=End of file
